0 info it worked if it ends with ok
1 verbose cli [ '/home/tim/github/nvm/v0.8.16/bin/node',
1 verbose cli   '/home/tim/github/nvm/v0.8.16/bin/npm',
1 verbose cli   'install' ]
2 info using npm@1.1.69
3 info using node@v0.8.16
4 verbose read json /home/tim/gitdns-notify/package.json
5 error TypeError: Cannot call method 'replace' of undefined
5 error     at /home/tim/github/nvm/v0.8.16/lib/node_modules/npm/node_modules/read-package-json/read-json.js:332:45
5 error     at fs.js:117:20
5 error     at /home/tim/github/nvm/v0.8.16/lib/node_modules/npm/node_modules/graceful-fs/graceful-fs.js:53:5
5 error     at /home/tim/github/nvm/v0.8.16/lib/node_modules/npm/node_modules/graceful-fs/graceful-fs.js:62:5
5 error     at Object.oncomplete (fs.js:297:15)
6 error If you need help, you may report this log at:
6 error     <http://github.com/isaacs/npm/issues>
6 error or email it to:
6 error     <npm-@googlegroups.com>
7 error System Linux 3.2.0-29-generic
8 error command "/home/tim/github/nvm/v0.8.16/bin/node" "/home/tim/github/nvm/v0.8.16/bin/npm" "install"
9 error cwd /home/tim/gitdns-notify
10 error node -v v0.8.16
11 error npm -v 1.1.69
12 error type non_object_property_call
13 verbose exit [ 1, true ]
